e2e/demo-app-xml/app/build/intermediates/manifest_merge_blame_file/debug/processDebugMainManifest/manifest-merger-blame-debug-report.txt
1<?xml version="1.0" encoding="utf-8"?>
2<manifest xmlns:android="http://schemas.android.com/apk/res/android"
3    package="io.substrate.regdemo.xml"
4    android:versionCode="1"
5    android:versionName="0.1.0" >
6
7    <uses-sdk
8        android:minSdkVersion="26"
9        android:targetSdkVersion="35" />
10
11    <uses-permission android:name="android.permission.INTERNET" />
11-->src/main/AndroidManifest.xml:5:5-67
11-->src/main/AndroidManifest.xml:5:22-64
12
13    <permission
13-->[androidx.core:core:1.13.0] AndroidManifest.xml:22:5-24:47
14        android:name="io.substrate.regdemo.xml.DYNAMIC_RECEIVER_NOT_EXPORTED_PERMISSION"
14-->[androidx.core:core:1.13.0] AndroidManifest.xml:23:9-81
15        android:protectionLevel="signature" />
15-->[androidx.core:core:1.13.0] AndroidManifest.xml:24:9-44
16
17    <uses-permission android:name="io.substrate.regdemo.xml.DYNAMIC_RECEIVER_NOT_EXPORTED_PERMISSION" />
17-->[androidx.core:core:1.13.0] AndroidManifest.xml:26:5-97
17-->[androidx.core:core:1.13.0] AndroidManifest.xml:26:22-94
18
19    <application
19-->src/main/AndroidManifest.xml:7:5-57:19
20        android:name="io.substrate.regdemoxml.RegdemoXmlApplication"
20-->src/main/AndroidManifest.xml:8:9-46
21        android:allowBackup="false"
21-->src/main/AndroidManifest.xml:10:9-36
22        android:appComponentFactory="androidx.core.app.CoreComponentFactory"
22-->[androidx.core:core:1.13.0] AndroidManifest.xml:28:18-86
23        android:debuggable="true"
24        android:extractNativeLibs="false"
25        android:label="RegressionDemoXml"
25-->src/main/AndroidManifest.xml:9:9-42
26        android:theme="@style/Theme.MaterialComponents.Light.NoActionBar" >
26-->src/main/AndroidManifest.xml:11:9-74
27        <activity
27-->src/main/AndroidManifest.xml:13:9-18:20
28            android:name="io.substrate.regdemoxml.MainActivity"
28-->src/main/AndroidManifest.xml:13:19-47
29            android:exported="true" >
29-->src/main/AndroidManifest.xml:13:48-71
30            <intent-filter>
30-->src/main/AndroidManifest.xml:14:13-17:29
31                <action android:name="android.intent.action.MAIN" />
31-->src/main/AndroidManifest.xml:15:17-69
31-->src/main/AndroidManifest.xml:15:25-66
32
33                <category android:name="android.intent.category.LAUNCHER" />
33-->src/main/AndroidManifest.xml:16:17-77
33-->src/main/AndroidManifest.xml:16:27-74
34            </intent-filter>
35        </activity>
36        <activity android:name="io.substrate.regdemoxml.T1Activity" />
36-->src/main/AndroidManifest.xml:20:9-48
36-->src/main/AndroidManifest.xml:20:19-45
37        <activity android:name="io.substrate.regdemoxml.T2Activity" />
37-->src/main/AndroidManifest.xml:21:9-48
37-->src/main/AndroidManifest.xml:21:19-45
38        <activity android:name="io.substrate.regdemoxml.T3Activity" />
38-->src/main/AndroidManifest.xml:22:9-48
38-->src/main/AndroidManifest.xml:22:19-45
39        <activity android:name="io.substrate.regdemoxml.T4Activity" />
39-->src/main/AndroidManifest.xml:23:9-48
39-->src/main/AndroidManifest.xml:23:19-45
40        <activity android:name="io.substrate.regdemoxml.T4DetailActivity" />
40-->src/main/AndroidManifest.xml:24:9-54
40-->src/main/AndroidManifest.xml:24:19-51
41        <activity android:name="io.substrate.regdemoxml.T5Activity" />
41-->src/main/AndroidManifest.xml:25:9-48
41-->src/main/AndroidManifest.xml:25:19-45
42        <activity android:name="io.substrate.regdemoxml.T6Activity" />
42-->src/main/AndroidManifest.xml:26:9-48
42-->src/main/AndroidManifest.xml:26:19-45
43        <activity android:name="io.substrate.regdemoxml.T7Activity" />
43-->src/main/AndroidManifest.xml:27:9-48
43-->src/main/AndroidManifest.xml:27:19-45
44        <activity android:name="io.substrate.regdemoxml.T8Activity" />
44-->src/main/AndroidManifest.xml:28:9-48
44-->src/main/AndroidManifest.xml:28:19-45
45        <activity android:name="io.substrate.regdemoxml.T9Activity" />
45-->src/main/AndroidManifest.xml:29:9-48
45-->src/main/AndroidManifest.xml:29:19-45
46        <activity android:name="io.substrate.regdemoxml.T10Activity" />
46-->src/main/AndroidManifest.xml:30:9-49
46-->src/main/AndroidManifest.xml:30:19-46
47        <activity android:name="io.substrate.regdemoxml.T11Activity" />
47-->src/main/AndroidManifest.xml:31:9-49
47-->src/main/AndroidManifest.xml:31:19-46
48        <activity android:name="io.substrate.regdemoxml.T11Level1Activity" />
48-->src/main/AndroidManifest.xml:32:9-55
48-->src/main/AndroidManifest.xml:32:19-52
49        <activity android:name="io.substrate.regdemoxml.T11Level2Activity" />
49-->src/main/AndroidManifest.xml:33:9-55
49-->src/main/AndroidManifest.xml:33:19-52
50        <activity android:name="io.substrate.regdemoxml.T12Activity" />
50-->src/main/AndroidManifest.xml:34:9-49
50-->src/main/AndroidManifest.xml:34:19-46
51        <activity android:name="io.substrate.regdemoxml.T13Activity" />
51-->src/main/AndroidManifest.xml:35:9-49
51-->src/main/AndroidManifest.xml:35:19-46
52        <activity android:name="io.substrate.regdemoxml.T14Activity" />
52-->src/main/AndroidManifest.xml:36:9-49
52-->src/main/AndroidManifest.xml:36:19-46
53        <activity android:name="io.substrate.regdemoxml.T14AnchorActivity" />
53-->src/main/AndroidManifest.xml:37:9-55
53-->src/main/AndroidManifest.xml:37:19-52
54        <activity android:name="io.substrate.regdemoxml.T15Activity" />
54-->src/main/AndroidManifest.xml:38:9-49
54-->src/main/AndroidManifest.xml:38:19-46
55        <activity android:name="io.substrate.regdemoxml.T16Activity" />
55-->src/main/AndroidManifest.xml:39:9-49
55-->src/main/AndroidManifest.xml:39:19-46
56        <activity android:name="io.substrate.regdemoxml.T17Activity" />
56-->src/main/AndroidManifest.xml:40:9-49
56-->src/main/AndroidManifest.xml:40:19-46
57        <activity android:name="io.substrate.regdemoxml.T18Activity" />
57-->src/main/AndroidManifest.xml:41:9-49
57-->src/main/AndroidManifest.xml:41:19-46
58        <activity android:name="io.substrate.regdemoxml.T19Activity" />
58-->src/main/AndroidManifest.xml:42:9-49
58-->src/main/AndroidManifest.xml:42:19-46
59        <activity android:name="io.substrate.regdemoxml.T20Activity" />
59-->src/main/AndroidManifest.xml:43:9-49
59-->src/main/AndroidManifest.xml:43:19-46
60        <activity android:name="io.substrate.regdemoxml.T21Activity" />
60-->src/main/AndroidManifest.xml:44:9-49
60-->src/main/AndroidManifest.xml:44:19-46
61        <activity android:name="io.substrate.regdemoxml.T22Activity" />
61-->src/main/AndroidManifest.xml:45:9-49
61-->src/main/AndroidManifest.xml:45:19-46
62        <activity android:name="io.substrate.regdemoxml.T23Activity" />
62-->src/main/AndroidManifest.xml:46:9-49
62-->src/main/AndroidManifest.xml:46:19-46
63        <activity android:name="io.substrate.regdemoxml.T24Activity" />
63-->src/main/AndroidManifest.xml:47:9-49
63-->src/main/AndroidManifest.xml:47:19-46
64        <activity android:name="io.substrate.regdemoxml.T25Activity" />
64-->src/main/AndroidManifest.xml:48:9-49
64-->src/main/AndroidManifest.xml:48:19-46
65        <activity android:name="io.substrate.regdemoxml.T26Activity" />
65-->src/main/AndroidManifest.xml:49:9-49
65-->src/main/AndroidManifest.xml:49:19-46
66
67        <provider
68            android:name="dev.substrate.semantic.SemanticInitProvider"
68-->src/main/AndroidManifest.xml:52:13-71
69            android:authorities="io.substrate.regdemo.xml.semantic.init"
69-->src/main/AndroidManifest.xml:53:13-65
70            android:exported="false" />
70-->src/main/AndroidManifest.xml:54:13-37
71        <provider
71-->[androidx.emoji2:emoji2:1.3.0] AndroidManifest.xml:24:9-32:20
72            android:name="androidx.startup.InitializationProvider"
72-->[androidx.emoji2:emoji2:1.3.0] AndroidManifest.xml:25:13-67
73            android:authorities="io.substrate.regdemo.xml.androidx-startup"
73-->[androidx.emoji2:emoji2:1.3.0] AndroidManifest.xml:26:13-68
74            android:exported="false" >
74-->[androidx.emoji2:emoji2:1.3.0] AndroidManifest.xml:27:13-37
75            <meta-data
75-->[androidx.emoji2:emoji2:1.3.0] AndroidManifest.xml:29:13-31:52
76                android:name="androidx.emoji2.text.EmojiCompatInitializer"
76-->[androidx.emoji2:emoji2:1.3.0] AndroidManifest.xml:30:17-75
77                android:value="androidx.startup" />
77-->[androidx.emoji2:emoji2:1.3.0] AndroidManifest.xml:31:17-49
78            <meta-data
78-->[androidx.lifecycle:lifecycle-process:2.6.2] AndroidManifest.xml:29:13-31:52
79                android:name="androidx.lifecycle.ProcessLifecycleInitializer"
79-->[androidx.lifecycle:lifecycle-process:2.6.2] AndroidManifest.xml:30:17-78
80                android:value="androidx.startup" />
80-->[androidx.lifecycle:lifecycle-process:2.6.2] AndroidManifest.xml:31:17-49
81            <meta-data
81-->[androidx.profileinstaller:profileinstaller:1.4.0] AndroidManifest.xml:29:13-31:52
82                android:name="androidx.profileinstaller.ProfileInstallerInitializer"
82-->[androidx.profileinstaller:profileinstaller:1.4.0] AndroidManifest.xml:30:17-85
83                android:value="androidx.startup" />
83-->[androidx.profileinstaller:profileinstaller:1.4.0] AndroidManifest.xml:31:17-49
84        </provider>
85
86        <receiver
86-->[androidx.profileinstaller:profileinstaller:1.4.0] AndroidManifest.xml:34:9-52:20
87            android:name="androidx.profileinstaller.ProfileInstallReceiver"
87-->[androidx.profileinstaller:profileinstaller:1.4.0] AndroidManifest.xml:35:13-76
88            android:directBootAware="false"
88-->[androidx.profileinstaller:profileinstaller:1.4.0] AndroidManifest.xml:36:13-44
89            android:enabled="true"
89-->[androidx.profileinstaller:profileinstaller:1.4.0] AndroidManifest.xml:37:13-35
90            android:exported="true"
90-->[androidx.profileinstaller:profileinstaller:1.4.0] AndroidManifest.xml:38:13-36
91            android:permission="android.permission.DUMP" >
91-->[androidx.profileinstaller:profileinstaller:1.4.0] AndroidManifest.xml:39:13-57
92            <intent-filter>
92-->[androidx.profileinstaller:profileinstaller:1.4.0] AndroidManifest.xml:40:13-42:29
93                <action android:name="androidx.profileinstaller.action.INSTALL_PROFILE" />
93-->[androidx.profileinstaller:profileinstaller:1.4.0] AndroidManifest.xml:41:17-91
93-->[androidx.profileinstaller:profileinstaller:1.4.0] AndroidManifest.xml:41:25-88
94            </intent-filter>
95            <intent-filter>
95-->[androidx.profileinstaller:profileinstaller:1.4.0] AndroidManifest.xml:43:13-45:29
96                <action android:name="androidx.profileinstaller.action.SKIP_FILE" />
96-->[androidx.profileinstaller:profileinstaller:1.4.0] AndroidManifest.xml:44:17-85
96-->[androidx.profileinstaller:profileinstaller:1.4.0] AndroidManifest.xml:44:25-82
97            </intent-filter>
98            <intent-filter>
98-->[androidx.profileinstaller:profileinstaller:1.4.0] AndroidManifest.xml:46:13-48:29
99                <action android:name="androidx.profileinstaller.action.SAVE_PROFILE" />
99-->[androidx.profileinstaller:profileinstaller:1.4.0] AndroidManifest.xml:47:17-88
99-->[androidx.profileinstaller:profileinstaller:1.4.0] AndroidManifest.xml:47:25-85
100            </intent-filter>
101            <intent-filter>
101-->[androidx.profileinstaller:profileinstaller:1.4.0] AndroidManifest.xml:49:13-51:29
102                <action android:name="androidx.profileinstaller.action.BENCHMARK_OPERATION" />
102-->[androidx.profileinstaller:profileinstaller:1.4.0] AndroidManifest.xml:50:17-95
102-->[androidx.profileinstaller:profileinstaller:1.4.0] AndroidManifest.xml:50:25-92
103            </intent-filter>
104        </receiver>
105    </application>
106
107</manifest>